C51 COMPILER V9.00   MAIN                                                                  11/03/2017 16:06:57 PAGE 1   


C51 COMPILER V9.00, COMPILATION OF MODULE MAIN
OBJECT MODULE PLACED IN main.OBJ
COMPILER INVOKED BY: D:\Program Files (x86)\Keil\C51\BIN\C51.EXE main.c BROWSE DEBUG OBJECTEXTEND

line level    source

   1          /**************************************************************************************
   2          *                             点亮第一个LED实验                                                                                           *
   3          实现现象：下载程序后D1指示灯点亮
   4          注意事项：无    
   5          
   6          sbit 变量名=地址值；
   7          在给某个引脚取名的时候经常会用到。在给某个引脚取名的时候经常会用到。；在给某个引脚取名的时候经常会用到
             -。                                                                                                                                                          
   8          ***************************************************************************************/
   9          
  10          
  11          #include "reg52.h"    //此文件中定义了单片机的一些特殊功能寄存器
  12          
  13          sbit led=P2^0;     //将单片机的P2.0端口定义为led
  14          
  15          /*******************************************************************************
  16          * 函 数 名       : main
  17          * 函数功能               : 主函数
  18          * 输    入       : 无
  19          * 输    出       : 无
  20          *******************************************************************************/
  21          void main()
  22          {
  23   1              while(1)
  24   1              {
  25   2                      led=0;  //P2.0端口设置为低电平
  26   2              }               
  27   1      }


MODULE INFORMATION:   STATIC OVERLAYABLE
   CODE SIZE        =      4    ----
   CONSTANT SIZE    =   ----    ----
   XDATA SIZE       =   ----    ----
   PDATA SIZE       =   ----    ----
   DATA SIZE        =   ----    ----
   IDATA SIZE       =   ----    ----
   BIT SIZE         =   ----    ----
END OF MODULE INFORMATION.


C51 COMPILATION COMPLETE.  0 WARNING(S),  0 ERROR(S)
